
AVRASM ver. 2.1.30  D:\Move\MCU Programmer\ElinfoUGM\List\UNNES v222.asm Wed Jul 03 07:30:56 2013

D:\Move\MCU Programmer\ElinfoUGM\List\UNNES v222.asm(1072): warning: Register r5 already defined by the .DEF directive
D:\Move\MCU Programmer\ElinfoUGM\List\UNNES v222.asm(1073): warning: Register r4 already defined by the .DEF directive
D:\Move\MCU Programmer\ElinfoUGM\List\UNNES v222.asm(1074): warning: Register r7 already defined by the .DEF directive
D:\Move\MCU Programmer\ElinfoUGM\List\UNNES v222.asm(1075): warning: Register r6 already defined by the .DEF directive
D:\Move\MCU Programmer\ElinfoUGM\List\UNNES v222.asm(1076): warning: Register r9 already defined by the .DEF directive
D:\Move\MCU Programmer\ElinfoUGM\List\UNNES v222.asm(1077): warning: Register r8 already defined by the .DEF directive
D:\Move\MCU Programmer\ElinfoUGM\List\UNNES v222.asm(1078): warning: Register r11 already defined by the .DEF directive
D:\Move\MCU Programmer\ElinfoUGM\List\UNNES v222.asm(1079): warning: Register r10 already defined by the .DEF directive
D:\Move\MCU Programmer\ElinfoUGM\List\UNNES v222.asm(1080): warning: Register r13 already defined by the .DEF directive
D:\Move\MCU Programmer\ElinfoUGM\List\UNNES v222.asm(1081): warning: Register r12 already defined by the .DEF directive
                 
                 
                 ;CodeVisionAVR C Compiler V2.05.3 Standard
                 ;(C) Copyright 1998-2011 Pavel Haiduc, HP InfoTech s.r.l.
                 ;http://www.hpinfotech.com
                 
                 ;Chip type                : ATmega32
                 ;Program type             : Application
                 ;Clock frequency          : 16.000000 MHz
                 ;Memory model             : Small
                 ;Optimize for             : Size
                 ;(s)printf features       : int, width
                 ;(s)scanf features        : int, width
                 ;External RAM size        : 0
                 ;Data Stack size          : 512 byte(s)
                 ;Heap size                : 0 byte(s)
                 ;Promote 'char' to 'int'  : Yes
                 ;'char' is unsigned       : Yes
                 ;8 bit enums              : Yes
                 ;Global 'const' stored in FLASH     : No
                 ;Enhanced function parameter passing: Yes
                 ;Enhanced core instructions         : On
                 ;Smart register allocation          : On
                 ;Automatic register allocation      : On
                 
                 	#pragma AVRPART ADMIN PART_NAME ATmega32
                 	#pragma AVRPART MEMORY PROG_FLASH 32768
                 	#pragma AVRPART MEMORY EEPROM 1024
                 	#pragma AVRPART MEMORY INT_SRAM SIZE 2143
                 	#pragma AVRPART MEMORY INT_SRAM START_ADDR 0x60
                 
                 	#define CALL_SUPPORTED 1
                 
                 	.LISTMAC
                 	.EQU UDRE=0x5
                 	.EQU RXC=0x7
                 	.EQU USR=0xB
                 	.EQU UDR=0xC
                 	.EQU SPSR=0xE
                 	.EQU SPDR=0xF
                 	.EQU EERE=0x0
                 	.EQU EEWE=0x1
                 	.EQU EEMWE=0x2
                 	.EQU EECR=0x1C
                 	.EQU EEDR=0x1D
                 	.EQU EEARL=0x1E
                 	.EQU EEARH=0x1F
                 	.EQU WDTCR=0x21
                 	.EQU MCUCR=0x35
                 	.EQU GICR=0x3B
                 	.EQU SPL=0x3D
                 	.EQU SPH=0x3E
                 	.EQU SREG=0x3F
                 
                 	.DEF R0X0=R0
                 	.DEF R0X1=R1
                 	.DEF R0X2=R2
                 	.DEF R0X3=R3
                 	.DEF R0X4=R4
                 	.DEF R0X5=R5
                 	.DEF R0X6=R6
                 	.DEF R0X7=R7
                 	.DEF R0X8=R8
                 	.DEF R0X9=R9
                 	.DEF R0XA=R10
                 	.DEF R0XB=R11
                 	.DEF R0XC=R12
                 	.DEF R0XD=R13
                 	.DEF R0XE=R14
                 	.DEF R0XF=R15
                 	.DEF R0X10=R16
                 	.DEF R0X11=R17
                 	.DEF R0X12=R18
                 	.DEF R0X13=R19
                 	.DEF R0X14=R20
                 	.DEF R0X15=R21
                 	.DEF R0X16=R22
                 	.DEF R0X17=R23
                 	.DEF R0X18=R24
                 	.DEF R0X19=R25
                 	.DEF R0X1A=R26
                 	.DEF R0X1B=R27
                 	.DEF R0X1C=R28
                 	.DEF R0X1D=R29
                 	.DEF R0X1E=R30
                 	.DEF R0X1F=R31
                 
                 	.EQU __SRAM_START=0x0060
                 	.EQU __SRAM_END=0x085F
                 	.EQU __DSTACK_SIZE=0x0200
                 	.EQU __HEAP_SIZE=0x0000
                 	.EQU __CLEAR_SRAM_SIZE=__SRAM_END-__SRAM_START+1
                 
                 	.MACRO __CPD1N
                 	CPI  R30,LOW(@0)
                 	LDI  R26,HIGH(@0)
                 	CPC  R31,R26
                 	LDI  R26,BYTE3(@0)
                 	CPC  R22,R26
                 	LDI  R26,BYTE4(@0)
                 	CPC  R23,R26
                 	.ENDM
                 
                 	.MACRO __CPD2N
                 	CPI  R26,LOW(@0)
                 	LDI  R30,HIGH(@0)
                 	CPC  R27,R30
                 	LDI  R30,BYTE3(@0)
                 	CPC  R24,R30
                 	LDI  R30,BYTE4(@0)
                 	CPC  R25,R30
                 	.ENDM
                 
                 	.MACRO __CPWRR
                 	CP   R@0,R@2
                 	CPC  R@1,R@3
                 	.ENDM
                 
                 	.MACRO __CPWRN
                 	CPI  R@0,LOW(@2)
                 	LDI  R30,HIGH(@2)
                 	CPC  R@1,R30
                 	.ENDM
                 
                 	.MACRO __ADDB1MN
                 	SUBI R30,LOW(-@0-(@1))
                 	.ENDM
                 
                 	.MACRO __ADDB2MN
                 	SUBI R26,LOW(-@0-(@1))
                 	.ENDM
                 
                 	.MACRO __ADDW1MN
                 	SUBI R30,LOW(-@0-(@1))
                 	SBCI R31,HIGH(-@0-(@1))
                 	.ENDM
                 
                 	.MACRO __ADDW2MN
                 	SUBI R26,LOW(-@0-(@1))
                 	SBCI R27,HIGH(-@0-(@1))
                 	.ENDM
                 
                 	.MACRO __ADDW1FN
                 	SUBI R30,LOW(-2*@0-(@1))
                 	SBCI R31,HIGH(-2*@0-(@1))
                 	.ENDM
                 
                 	.MACRO __ADDD1FN
                 	SUBI R30,LOW(-2*@0-(@1))
                 	SBCI R31,HIGH(-2*@0-(@1))
                 	SBCI R22,BYTE3(-2*@0-(@1))
                 	.ENDM
                 
                 	.MACRO __ADDD1N
                 	SUBI R30,LOW(-@0)
                 	SBCI R31,HIGH(-@0)
                 	SBCI R22,BYTE3(-@0)
                 	SBCI R23,BYTE4(-@0)
                 	.ENDM
                 
                 	.MACRO __ADDD2N
                 	SUBI R26,LOW(-@0)
                 	SBCI R27,HIGH(-@0)
                 	SBCI R24,BYTE3(-@0)
                 	SBCI R25,BYTE4(-@0)
                 	.ENDM
                 
                 	.MACRO __SUBD1N
                 	SUBI R30,LOW(@0)
                 	SBCI R31,HIGH(@0)
                 	SBCI R22,BYTE3(@0)
                 	SBCI R23,BYTE4(@0)
                 	.ENDM
                 
                 	.MACRO __SUBD2N
                 	SUBI R26,LOW(@0)
                 	SBCI R27,HIGH(@0)
                 	SBCI R24,BYTE3(@0)
                 	SBCI R25,BYTE4(@0)
                 	.ENDM
                 
                 	.MACRO __ANDBMNN
                 	LDS  R30,@0+(@1)
                 	ANDI R30,LOW(@2)
                 	STS  @0+(@1),R30
                 	.ENDM
                 
                 	.MACRO __ANDWMNN
                 	LDS  R30,@0+(@1)
                 	ANDI R30,LOW(@2)
                 	STS  @0+(@1),R30
                 	LDS  R30,@0+(@1)+1
                 	ANDI R30,HIGH(@2)
                 	STS  @0+(@1)+1,R30
                 	.ENDM
                 
                 	.MACRO __ANDD1N
                 	ANDI R30,LOW(@0)
                 	ANDI R31,HIGH(@0)
                 	ANDI R22,BYTE3(@0)
                 	ANDI R23,BYTE4(@0)
                 	.ENDM
                 
                 	.MACRO __ANDD2N
                 	ANDI R26,LOW(@0)
                 	ANDI R27,HIGH(@0)
                 	ANDI R24,BYTE3(@0)
                 	ANDI R25,BYTE4(@0)
                 	.ENDM
                 
                 	.MACRO __ORBMNN
                 	LDS  R30,@0+(@1)
                 	ORI  R30,LOW(@2)
                 	STS  @0+(@1),R30
                 	.ENDM
                 
                 	.MACRO __ORWMNN
                 	LDS  R30,@0+(@1)
                 	ORI  R30,LOW(@2)
                 	STS  @0+(@1),R30
                 	LDS  R30,@0+(@1)+1
                 	ORI  R30,HIGH(@2)
                 	STS  @0+(@1)+1,R30
                 	.ENDM
                 
                 	.MACRO __ORD1N
                 	ORI  R30,LOW(@0)
                 	ORI  R31,HIGH(@0)
                 	ORI  R22,BYTE3(@0)
                 	ORI  R23,BYTE4(@0)
                 	.ENDM
                 
                 	.MACRO __ORD2N
                 	ORI  R26,LOW(@0)
                 	ORI  R27,HIGH(@0)
                 	ORI  R24,BYTE3(@0)
                 	ORI  R25,BYTE4(@0)
                 	.ENDM
                 
                 	.MACRO __DELAY_USB
                 	LDI  R24,LOW(@0)
                 __DELAY_USB_LOOP:
                 	DEC  R24
                 	BRNE __DELAY_USB_LOOP
                 	.ENDM
                 
                 	.MACRO __DELAY_USW
                 	LDI  R24,LOW(@0)
                 	LDI  R25,HIGH(@0)
                 __DELAY_USW_LOOP:
                 	SBIW R24,1
                 	BRNE __DELAY_USW_LOOP
                 	.ENDM
                 
                 	.MACRO __GETD1S
                 	LDD  R30,Y+@0
                 	LDD  R31,Y+@0+1
                 	LDD  R22,Y+@0+2
                 	LDD  R23,Y+@0+3
                 	.ENDM
                 
                 	.MACRO __GETD2S
                 	LDD  R26,Y+@0
                 	LDD  R27,Y+@0+1
                 	LDD  R24,Y+@0+2
                 	LDD  R25,Y+@0+3
                 	.ENDM
                 
                 	.MACRO __PUTD1S
                 	STD  Y+@0,R30
                 	STD  Y+@0+1,R31
                 	STD  Y+@0+2,R22
                 	STD  Y+@0+3,R23
                 	.ENDM
                 
                 	.MACRO __PUTD2S
                 	STD  Y+@0,R26
                 	STD  Y+@0+1,R27
                 	STD  Y+@0+2,R24
                 	STD  Y+@0+3,R25
                 	.ENDM
                 
                 	.MACRO __PUTDZ2
                 	STD  Z+@0,R26
                 	STD  Z+@0+1,R27
                 	STD  Z+@0+2,R24
                 	STD  Z+@0+3,R25
                 	.ENDM
                 
                 	.MACRO __CLRD1S
                 	STD  Y+@0,R30
                 	STD  Y+@0+1,R30
                 	STD  Y+@0+2,R30
                 	STD  Y+@0+3,R30
                 	.ENDM
                 
                 	.MACRO __POINTB1MN
                 	LDI  R30,LOW(@0+(@1))
                 	.ENDM
                 
                 	.MACRO __POINTW1MN
                 	LDI  R30,LOW(@0+(@1))
                 	LDI  R31,HIGH(@0+(@1))
                 	.ENDM
                 
                 	.MACRO __POINTD1M
                 	LDI  R30,LOW(@0)
                 	LDI  R31,HIGH(@0)
                 	LDI  R22,BYTE3(@0)
                 	LDI  R23,BYTE4(@0)
                 	.ENDM
                 
                 	.MACRO __POINTW1FN
                 	LDI  R30,LOW(2*@0+(@1))
                 	LDI  R31,HIGH(2*@0+(@1))
                 	.ENDM
                 
                 	.MACRO __POINTD1FN
                 	LDI  R30,LOW(2*@0+(@1))
                 	LDI  R31,HIGH(2*@0+(@1))
                 	LDI  R22,BYTE3(2*@0+(@1))
                 	LDI  R23,BYTE4(2*@0+(@1))
                 	.ENDM
                 
                 	.MACRO __POINTB2MN
                 	LDI  R26,LOW(@0+(@1))
                 	.ENDM
                 
                 	.MACRO __POINTW2MN
                 	LDI  R26,LOW(@0+(@1))
                 	LDI  R27,HIGH(@0+(@1))
                 	.ENDM
                 
                 	.MACRO __POINTW2FN
                 	LDI  R26,LOW(2*@0+(@1))
                 	LDI  R27,HIGH(2*@0+(@1))
                 	.ENDM
                 
                 	.MACRO __POINTD2FN
                 	LDI  R26,LOW(2*@0+(@1))
                 	LDI  R27,HIGH(2*@0+(@1))
                 	LDI  R24,BYTE3(2*@0+(@1))
                 	LDI  R25,BYTE4(2*@0+(@1))
                 	.ENDM
                 
                 	.MACRO __POINTBRM
                 	LDI  R@0,LOW(@1)
                 	.ENDM
                 
                 	.MACRO __POINTWRM
                 	LDI  R@0,LOW(@2)
                 	LDI  R@1,HIGH(@2)
                 	.ENDM
                 
                 	.MACRO __POINTBRMN
                 	LDI  R@0,LOW(@1+(@2))
                 	.ENDM
                 
                 	.MACRO __POINTWRMN
                 	LDI  R@0,LOW(@2+(@3))
                 	LDI  R@1,HIGH(@2+(@3))
                 	.ENDM
                 
                 	.MACRO __POINTWRFN
                 	LDI  R@0,LOW(@2*2+(@3))
                 	LDI  R@1,HIGH(@2*2+(@3))
                 	.ENDM
                 
                 	.MACRO __GETD1N
                 	LDI  R30,LOW(@0)
                 	LDI  R31,HIGH(@0)
                 	LDI  R22,BYTE3(@0)
                 	LDI  R23,BYTE4(@0)
                 	.ENDM
                 
                 	.MACRO __GETD2N
                 	LDI  R26,LOW(@0)
                 	LDI  R27,HIGH(@0)
                 	LDI  R24,BYTE3(@0)
                 	LDI  R25,BYTE4(@0)
                 	.ENDM
                 
                 	.MACRO __GETB1MN
                 	LDS  R30,@0+(@1)
                 	.ENDM
                 
                 	.MACRO __GETB1HMN
                 	LDS  R31,@0+(@1)
                 	.ENDM
                 
                 	.MACRO __GETW1MN
                 	LDS  R30,@0+(@1)
                 	LDS  R31,@0+(@1)+1
                 	.ENDM
                 
                 	.MACRO __GETD1MN
                 	LDS  R30,@0+(@1)
                 	LDS  R31,@0+(@1)+1
                 	LDS  R22,@0+(@1)+2
                 	LDS  R23,@0+(@1)+3
                 	.ENDM
                 
                 	.MACRO __GETBRMN
                 	LDS  R@0,@1+(@2)
                 	.ENDM
                 
                 	.MACRO __GETWRMN
                 	LDS  R@0,@2+(@3)
                 	LDS  R@1,@2+(@3)+1
                 	.ENDM
                 
                 	.MACRO __GETWRZ
                 	LDD  R@0,Z+@2
                 	LDD  R@1,Z+@2+1
                 	.ENDM
                 
                 	.MACRO __GETD2Z
                 	LDD  R26,Z+@0
                 	LDD  R27,Z+@0+1
                 	LDD  R24,Z+@0+2
                 	LDD  R25,Z+@0+3
                 	.ENDM
                 
                 	.MACRO __GETB2MN
                 	LDS  R26,@0+(@1)
                 	.ENDM
                 
                 	.MACRO __GETW2MN
                 	LDS  R26,@0+(@1)
                 	LDS  R27,@0+(@1)+1
                 	.ENDM
                 
                 	.MACRO __GETD2MN
                 	LDS  R26,@0+(@1)
                 	LDS  R27,@0+(@1)+1
                 	LDS  R24,@0+(@1)+2
                 	LDS  R25,@0+(@1)+3
                 	.ENDM
                 
                 	.MACRO __PUTB1MN
                 	STS  @0+(@1),R30
                 	.ENDM
                 
                 	.MACRO __PUTW1MN
                 	STS  @0+(@1),R30
                 	STS  @0+(@1)+1,R31
                 	.ENDM
                 
                 	.MACRO __PUTD1MN
                 	STS  @0+(@1),R30
                 	STS  @0+(@1)+1,R31
                 	STS  @0+(@1)+2,R22
                 	STS  @0+(@1)+3,R23
                 	.ENDM
                 
                 	.MACRO __PUTB1EN
                 	LDI  R26,LOW(@0+(@1))
                 	LDI  R27,HIGH(@0+(@1))
                 	CALL __EEPROMWRB
                 	.ENDM
                 
                 	.MACRO __PUTW1EN
                 	LDI  R26,LOW(@0+(@1))
                 	LDI  R27,HIGH(@0+(@1))
                 	CALL __EEPROMWRW
                 	.ENDM
                 
                 	.MACRO __PUTD1EN
                 	LDI  R26,LOW(@0+(@1))
                 	LDI  R27,HIGH(@0+(@1))
                 	CALL __EEPROMWRD
                 	.ENDM
                 
                 	.MACRO __PUTBR0MN
                 	STS  @0+(@1),R0
                 	.ENDM
                 
                 	.MACRO __PUTBMRN
                 	STS  @0+(@1),R@2
                 	.ENDM
                 
                 	.MACRO __PUTWMRN
                 	STS  @0+(@1),R@2
                 	STS  @0+(@1)+1,R@3
                 	.ENDM
                 
                 	.MACRO __PUTBZR
                 	STD  Z+@1,R@0
                 	.ENDM
                 
                 	.MACRO __PUTWZR
                 	STD  Z+@2,R@0
                 	STD  Z+@2+1,R@1
                 	.ENDM
                 
                 	.MACRO __GETW1R
                 	MOV  R30,R@0
                 	MOV  R31,R@1
                 	.ENDM
                 
                 	.MACRO __GETW2R
                 	MOV  R26,R@0
                 	MOV  R27,R@1
                 	.ENDM
                 
                 	.MACRO __GETWRN
                 	LDI  R@0,LOW(@2)
                 	LDI  R@1,HIGH(@2)
                 	.ENDM
                 
                 	.MACRO __PUTW1R
                 	MOV  R@0,R30
                 	MOV  R@1,R31
                 	.ENDM
                 
                 	.MACRO __PUTW2R
                 	MOV  R@0,R26
                 	MOV  R@1,R27
                 	.ENDM
                 
                 	.MACRO __ADDWRN
                 	SUBI R@0,LOW(-@2)
                 	SBCI R@1,HIGH(-@2)
                 	.ENDM
                 
                 	.MACRO __ADDWRR
                 	ADD  R@0,R@2
                 	ADC  R@1,R@3
                 	.ENDM
                 
                 	.MACRO __SUBWRN
                 	SUBI R@0,LOW(@2)
                 	SBCI R@1,HIGH(@2)
                 	.ENDM
                 
                 	.MACRO __SUBWRR
                 	SUB  R@0,R@2
                 	SBC  R@1,R@3
                 	.ENDM
                 
                 	.MACRO __ANDWRN
                 	ANDI R@0,LOW(@2)
                 	ANDI R@1,HIGH(@2)
                 	.ENDM
                 
                 	.MACRO __ANDWRR
                 	AND  R@0,R@2
                 	AND  R@1,R@3
                 	.ENDM
                 
                 	.MACRO __ORWRN
                 	ORI  R@0,LOW(@2)
                 	ORI  R@1,HIGH(@2)
                 	.ENDM
                 
                 	.MACRO __ORWRR
                 	OR   R@0,R@2
                 	OR   R@1,R@3
                 	.ENDM
                 
                 	.MACRO __EORWRR
                 	EOR  R@0,R@2
                 	EOR  R@1,R@3
                 	.ENDM
                 
                 	.MACRO __GETWRS
                 	LDD  R@0,Y+@2
                 	LDD  R@1,Y+@2+1
                 	.ENDM
                 
                 	.MACRO __PUTBSR
                 	STD  Y+@1,R@0
                 	.ENDM
                 
                 	.MACRO __PUTWSR
                 	STD  Y+@2,R@0
                 	STD  Y+@2+1,R@1
                 	.ENDM
                 
                 	.MACRO __MOVEWRR
                 	MOV  R@0,R@2
                 	MOV  R@1,R@3
                 	.ENDM
                 
                 	.MACRO __INWR
                 	IN   R@0,@2
                 	IN   R@1,@2+1
                 	.ENDM
                 
                 	.MACRO __OUTWR
                 	OUT  @2+1,R@1
                 	OUT  @2,R@0
                 	.ENDM
                 
                 	.MACRO __CALL1MN
                 	LDS  R30,@0+(@1)
                 	LDS  R31,@0+(@1)+1
                 	ICALL
                 	.ENDM
                 
                 	.MACRO __CALL1FN
                 	LDI  R30,LOW(2*@0+(@1))
                 	LDI  R31,HIGH(2*@0+(@1))
                 	CALL __GETW1PF
                 	ICALL
                 	.ENDM
                 
                 	.MACRO __CALL2EN
                 	LDI  R26,LOW(@0+(@1))
                 	LDI  R27,HIGH(@0+(@1))
                 	CALL __EEPROMRDW
                 	ICALL
                 	.ENDM
                 
                 	.MACRO __GETW1STACK
                 	IN   R26,SPL
                 	IN   R27,SPH
                 	ADIW R26,@0+1
                 	LD   R30,X+
                 	LD   R31,X
                 	.ENDM
                 
                 	.MACRO __GETD1STACK
                 	IN   R26,SPL
                 	IN   R27,SPH
                 	ADIW R26,@0+1
                 	LD   R30,X+
                 	LD   R31,X+
                 	LD   R22,X
                 	.ENDM
                 
                 	.MACRO __NBST
                 	BST  R@0,@1
                 	IN   R30,SREG
                 	LDI  R31,0x40
                 	EOR  R30,R31
                 	OUT  SREG,R30
                 	.ENDM
                 
                 
                 	.MACRO __PUTB1SN
                 	LDD  R26,Y+@0
                 	LDD  R27,Y+@0+1
                 	SUBI R26,LOW(-@1)
                 	SBCI R27,HIGH(-@1)
                 	ST   X,R30
                 	.ENDM
                 
                 	.MACRO __PUTW1SN
                 	LDD  R26,Y+@0
                 	LDD  R27,Y+@0+1
                 	SUBI R26,LOW(-@1)
                 	SBCI R27,HIGH(-@1)
                 	ST   X+,R30
                 	ST   X,R31
                 	.ENDM
                 
                 	.MACRO __PUTD1SN
                 	LDD  R26,Y+@0
                 	LDD  R27,Y+@0+1
                 	SUBI R26,LOW(-@1)
                 	SBCI R27,HIGH(-@1)
                 	CALL __PUTDP1
                 	.ENDM
                 
                 	.MACRO __PUTB1SNS
                 	LDD  R26,Y+@0
                 	LDD  R27,Y+@0+1
                 	ADIW R26,@1
                 	ST   X,R30
                 	.ENDM
                 
                 	.MACRO __PUTW1SNS
                 	LDD  R26,Y+@0
                 	LDD  R27,Y+@0+1
                 	ADIW R26,@1
                 	ST   X+,R30
                 	ST   X,R31
                 	.ENDM
                 
                 	.MACRO __PUTD1SNS
                 	LDD  R26,Y+@0
                 	LDD  R27,Y+@0+1
                 	ADIW R26,@1
                 	CALL __PUTDP1
                 	.ENDM
                 
                 	.MACRO __PUTB1PMN
                 	LDS  R26,@0
                 	LDS  R27,@0+1
                 	SUBI R26,LOW(-@1)
                 	SBCI R27,HIGH(-@1)
                 	ST   X,R30
                 	.ENDM
                 
                 	.MACRO __PUTW1PMN
                 	LDS  R26,@0
                 	LDS  R27,@0+1
                 	SUBI R26,LOW(-@1)
                 	SBCI R27,HIGH(-@1)
                 	ST   X+,R30
                 	ST   X,R31
                 	.ENDM
                 
                 	.MACRO __PUTD1PMN
                 	LDS  R26,@0
                 	LDS  R27,@0+1
                 	SUBI R26,LOW(-@1)
                 	SBCI R27,HIGH(-@1)
                 	CALL __PUTDP1
                 	.ENDM
                 
                 	.MACRO __PUTB1PMNS
                 	LDS  R26,@0
                 	LDS  R27,@0+1
                 	ADIW R26,@1
                 	ST   X,R30
                 	.ENDM
                 
                 	.MACRO __PUTW1PMNS
                 	LDS  R26,@0
                 	LDS  R27,@0+1
                 	ADIW R26,@1
                 	ST   X+,R30
                 	ST   X,R31
                 	.ENDM
                 
                 	.MACRO __PUTD1PMNS
                 	LDS  R26,@0
                 	LDS  R27,@0+1
                 	ADIW R26,@1
                 	CALL __PUTDP1
                 	.ENDM
                 
                 	.MACRO __PUTB1RN
                 	MOVW R26,R@0
                 	SUBI R26,LOW(-@1)
                 	SBCI R27,HIGH(-@1)
                 	ST   X,R30
                 	.ENDM
                 
                 	.MACRO __PUTW1RN
                 	MOVW R26,R@0
                 	SUBI R26,LOW(-@1)
                 	SBCI R27,HIGH(-@1)
                 	ST   X+,R30
                 	ST   X,R31
                 	.ENDM
                 
                 	.MACRO __PUTD1RN
                 	MOVW R26,R@0
                 	SUBI R26,LOW(-@1)
                 	SBCI R27,HIGH(-@1)
                 	CALL __PUTDP1
                 	.ENDM
                 
                 	.MACRO __PUTB1RNS
                 	MOVW R26,R@0
                 	ADIW R26,@1
                 	ST   X,R30
                 	.ENDM
                 
                 	.MACRO __PUTW1RNS
                 	MOVW R26,R@0
                 	ADIW R26,@1
                 	ST   X+,R30
                 	ST   X,R31
                 	.ENDM
                 
                 	.MACRO __PUTD1RNS
                 	MOVW R26,R@0
                 	ADIW R26,@1
                 	CALL __PUTDP1
                 	.ENDM
                 
                 	.MACRO __PUTB1RON
                 	MOV  R26,R@0
                 	MOV  R27,R@1
                 	SUBI R26,LOW(-@2)
                 	SBCI R27,HIGH(-@2)
                 	ST   X,R30
                 	.ENDM
                 
                 	.MACRO __PUTW1RON
                 	MOV  R26,R@0
                 	MOV  R27,R@1
                 	SUBI R26,LOW(-@2)
                 	SBCI R27,HIGH(-@2)
                 	ST   X+,R30
                 	ST   X,R31
                 	.ENDM
                 
                 	.MACRO __PUTD1RON
                 	MOV  R26,R@0
                 	MOV  R27,R@1
                 	SUBI R26,LOW(-@2)
                 	SBCI R27,HIGH(-@2)
                 	CALL __PUTDP1
                 	.ENDM
                 
                 	.MACRO __PUTB1RONS
                 	MOV  R26,R@0
                 	MOV  R27,R@1
                 	ADIW R26,@2
                 	ST   X,R30
                 	.ENDM
                 
                 	.MACRO __PUTW1RONS
                 	MOV  R26,R@0
                 	MOV  R27,R@1
                 	ADIW R26,@2
                 	ST   X+,R30
                 	ST   X,R31
                 	.ENDM
                 
                 	.MACRO __PUTD1RONS
                 	MOV  R26,R@0
                 	MOV  R27,R@1
                 	ADIW R26,@2
                 	CALL __PUTDP1
                 	.ENDM
                 
                 
                 	.MACRO __GETB1SX
                 	MOVW R30,R28
                 	SUBI R30,LOW(-@0)
                 	SBCI R31,HIGH(-@0)
                 	LD   R30,Z
                 	.ENDM
                 
                 	.MACRO __GETB1HSX
                 	MOVW R30,R28
                 	SUBI R30,LOW(-@0)
                 	SBCI R31,HIGH(-@0)
                 	LD   R31,Z
                 	.ENDM
                 
                 	.MACRO __GETW1SX
                 	MOVW R30,R28
                 	SUBI R30,LOW(-@0)
                 	SBCI R31,HIGH(-@0)
                 	LD   R0,Z+
                 	LD   R31,Z
                 	MOV  R30,R0
                 	.ENDM
                 
                 	.MACRO __GETD1SX
                 	MOVW R30,R28
                 	SUBI R30,LOW(-@0)
                 	SBCI R31,HIGH(-@0)
                 	LD   R0,Z+
                 	LD   R1,Z+
                 	LD   R22,Z+
                 	LD   R23,Z
                 	MOVW R30,R0
                 	.ENDM
                 
                 	.MACRO __GETB2SX
                 	MOVW R26,R28
                 	SUBI R26,LOW(-@0)
                 	SBCI R27,HIGH(-@0)
                 	LD   R26,X
                 	.ENDM
                 
                 	.MACRO __GETW2SX
                 	MOVW R26,R28
                 	SUBI R26,LOW(-@0)
                 	SBCI R27,HIGH(-@0)
                 	LD   R0,X+
                 	LD   R27,X
                 	MOV  R26,R0
                 	.ENDM
                 
                 	.MACRO __GETD2SX
                 	MOVW R26,R28
                 	SUBI R26,LOW(-@0)
                 	SBCI R27,HIGH(-@0)
                 	LD   R0,X+
                 	LD   R1,X+
                 	LD   R24,X+
                 	LD   R25,X
                 	MOVW R26,R0
                 	.ENDM
                 
                 	.MACRO __GETBRSX
                 	MOVW R30,R28
                 	SUBI R30,LOW(-@1)
                 	SBCI R31,HIGH(-@1)
                 	LD   R@0,Z
                 	.ENDM
                 
                 	.MACRO __GETWRSX
                 	MOVW R30,R28
                 	SUBI R30,LOW(-@2)
                 	SBCI R31,HIGH(-@2)
                 	LD   R@0,Z+
                 	LD   R@1,Z
                 	.ENDM
                 
                 	.MACRO __GETBRSX2
                 	MOVW R26,R28
                 	SUBI R26,LOW(-@1)
                 	SBCI R27,HIGH(-@1)
                 	LD   R@0,X
                 	.ENDM
                 
                 	.MACRO __GETWRSX2
                 	MOVW R26,R28
                 	SUBI R26,LOW(-@2)
                 	SBCI R27,HIGH(-@2)
                 	LD   R@0,X+
                 	LD   R@1,X
                 	.ENDM
                 
                 	.MACRO __LSLW8SX
                 	MOVW R30,R28
                 	SUBI R30,LOW(-@0)
                 	SBCI R31,HIGH(-@0)
                 	LD   R31,Z
                 	CLR  R30
                 	.ENDM
                 
                 	.MACRO __PUTB1SX
                 	MOVW R26,R28
                 	SUBI R26,LOW(-@0)
                 	SBCI R27,HIGH(-@0)
                 	ST   X,R30
                 	.ENDM
                 
                 	.MACRO __PUTW1SX
                 	MOVW R26,R28
                 	SUBI R26,LOW(-@0)
                 	SBCI R27,HIGH(-@0)
                 	ST   X+,R30
                 	ST   X,R31
                 	.ENDM
                 
                 	.MACRO __PUTD1SX
                 	MOVW R26,R28
                 	SUBI R26,LOW(-@0)
                 	SBCI R27,HIGH(-@0)
                 	ST   X+,R30
                 	ST   X+,R31
                 	ST   X+,R22
                 	ST   X,R23
                 	.ENDM
                 
                 	.MACRO __CLRW1SX
                 	MOVW R26,R28
                 	SUBI R26,LOW(-@0)
                 	SBCI R27,HIGH(-@0)
                 	ST   X+,R30
                 	ST   X,R30
                 	.ENDM
                 
                 	.MACRO __CLRD1SX
                 	MOVW R26,R28
                 	SUBI R26,LOW(-@0)
                 	SBCI R27,HIGH(-@0)
                 	ST   X+,R30
                 	ST   X+,R30
                 	ST   X+,R30
                 	ST   X,R30
                 	.ENDM
                 
                 	.MACRO __PUTB2SX
                 	MOVW R30,R28
                 	SUBI R30,LOW(-@0)
                 	SBCI R31,HIGH(-@0)
                 	ST   Z,R26
                 	.ENDM
                 
                 	.MACRO __PUTW2SX
                 	MOVW R30,R28
                 	SUBI R30,LOW(-@0)
                 	SBCI R31,HIGH(-@0)
                 	ST   Z+,R26
                 	ST   Z,R27
                 	.ENDM
                 
                 	.MACRO __PUTD2SX
                 	MOVW R30,R28
                 	SUBI R30,LOW(-@0)
                 	SBCI R31,HIGH(-@0)
                 	ST   Z+,R26
                 	ST   Z+,R27
                 	ST   Z+,R24
                 	ST   Z,R25
                 	.ENDM
                 
                 	.MACRO __PUTBSRX
                 	MOVW R30,R28
                 	SUBI R30,LOW(-@1)
                 	SBCI R31,HIGH(-@1)
                 	ST   Z,R@0
                 	.ENDM
                 
                 	.MACRO __PUTWSRX
                 	MOVW R30,R28
                 	SUBI R30,LOW(-@2)
                 	SBCI R31,HIGH(-@2)
                 	ST   Z+,R@0
                 	ST   Z,R@1
                 	.ENDM
                 
                 	.MACRO __PUTB1SNX
                 	MOVW R26,R28
                 	SUBI R26,LOW(-@0)
                 	SBCI R27,HIGH(-@0)
                 	LD   R0,X+
                 	LD   R27,X
                 	MOV  R26,R0
                 	SUBI R26,LOW(-@1)
                 	SBCI R27,HIGH(-@1)
                 	ST   X,R30
                 	.ENDM
                 
                 	.MACRO __PUTW1SNX
                 	MOVW R26,R28
                 	SUBI R26,LOW(-@0)
                 	SBCI R27,HIGH(-@0)
                 	LD   R0,X+
                 	LD   R27,X
                 	MOV  R26,R0
                 	SUBI R26,LOW(-@1)
                 	SBCI R27,HIGH(-@1)
                 	ST   X+,R30
                 	ST   X,R31
                 	.ENDM
                 
                 	.MACRO __PUTD1SNX
                 	MOVW R26,R28
                 	SUBI R26,LOW(-@0)
                 	SBCI R27,HIGH(-@0)
                 	LD   R0,X+
                 	LD   R27,X
                 	MOV  R26,R0
                 	SUBI R26,LOW(-@1)
                 	SBCI R27,HIGH(-@1)
                 	ST   X+,R30
                 	ST   X+,R31
                 	ST   X+,R22
                 	ST   X,R23
                 	.ENDM
                 
                 	.MACRO __MULBRR
                 	MULS R@0,R@1
                 	MOVW R30,R0
                 	.ENDM
                 
                 	.MACRO __MULBRRU
                 	MUL  R@0,R@1
                 	MOVW R30,R0
                 	.ENDM
                 
                 	.MACRO __MULBRR0
                 	MULS R@0,R@1
                 	.ENDM
                 
                 	.MACRO __MULBRRU0
                 	MUL  R@0,R@1
                 	.ENDM
                 
                 	.MACRO __MULBNWRU
                 	LDI  R26,@2
                 	MUL  R26,R@0
                 	MOVW R30,R0
                 	MUL  R26,R@1
                 	ADD  R31,R0
                 	.ENDM
                 
                 ;NAME DEFINITIONS FOR GLOBAL VARIABLES ALLOCATED TO REGISTERS
                 	.DEF _maxSpeed=R5
                 	.DEF _kp=R4
                 	.DEF _kd=R7
                 	.DEF _ki=R6
                 	.DEF _error=R9
                 	.DEF _sp=R8
                 	.DEF _sensor=R11
                 	.DEF __lcd_x=R10
                 	.DEF __lcd_y=R13
                 	.DEF __lcd_maxx=R12
                 
                 	.CSEG
                 	.ORG 0x00
                 
                 ;START OF CODE MARKER
                 __START_OF_CODE:
                 
                 ;INTERRUPT VECTORS
000000 940c 003b 	JMP  __RESET
000002 940c 0000 	JMP  0x00
000004 940c 0000 	JMP  0x00
000006 940c 0000 	JMP  0x00
000008 940c 0000 	JMP  0x00
00000a 940c 0000 	JMP  0x00
00000c 940c 0000 	JMP  0x00
00000e 940c 0000 	JMP  0x00
000010 940c 0000 	JMP  0x00
000012 940c 0000 	JMP  0x00
000014 940c 0000 	JMP  0x00
000016 940c 0000 	JMP  0x00
000018 940c 0000 	JMP  0x00
00001a 940c 0000 	JMP  0x00
00001c 940c 0000 	JMP  0x00
00001e 940c 0000 	JMP  0x00
000020 940c 0000 	JMP  0x00
000022 940c 0000 	JMP  0x00
000024 940c 0000 	JMP  0x00
000026 940c 0000 	JMP  0x00
000028 940c 0000 	JMP  0x00
                 
                 _fullBlock:
00002a 1f1f
00002b 1f1f
00002c 1f1f
00002d 1f1f      	.DB  0x1F,0x1F,0x1F,0x1F,0x1F,0x1F,0x1F,0x1F
                 _emptyBlock:
00002e 111f
00002f 1111
000030 1111
000031 1f11      	.DB  0x1F,0x11,0x11,0x11,0x11,0x11,0x11,0x1F
                 
                 _0x6A:
D:\Move\MCU Programmer\ElinfoUGM\List\UNNES v222.asm(1118): warning: .cseg .db misalignment - padding zero byte
000032 0000      	.DB  0x0
                 _0x2000003:
000033 c080      	.DB  0x80,0xC0
                 
                 __GLOBAL_INI_TBL:
000034 0001      	.DW  0x01
000035 000b      	.DW  0x0B
000036 0064      	.DW  _0x6A*2
                 
000037 0002      	.DW  0x02
000038 0278      	.DW  __base_y_G100
000039 0066      	.DW  _0x2000003*2
                 
                 _0xFFFFFFFF:
00003a 0000      	.DW  0
                 
                 __RESET:
00003b 94f8      	CLI
00003c 27ee      	CLR  R30
00003d bbec      	OUT  EECR,R30
                 
                 ;INTERRUPT VECTORS ARE PLACED
                 ;AT THE START OF FLASH
00003e e0f1      	LDI  R31,1
00003f bffb      	OUT  GICR,R31
000040 bfeb      	OUT  GICR,R30
000041 bfe5      	OUT  MCUCR,R30
                 
                 ;DISABLE WATCHDOG
000042 e1f8      	LDI  R31,0x18
000043 bdf1      	OUT  WDTCR,R31
000044 bde1      	OUT  WDTCR,R30
                 
                 ;CLEAR R2-R14
000045 e08d      	LDI  R24,(14-2)+1
000046 e0a2      	LDI  R26,2
000047 27bb      	CLR  R27
                 __CLEAR_REG:
000048 93ed      	ST   X+,R30
000049 958a      	DEC  R24
00004a f7e9      	BRNE __CLEAR_REG
                 
                 ;CLEAR SRAM
00004b e080      	LDI  R24,LOW(__CLEAR_SRAM_SIZE)
00004c e098      	LDI  R25,HIGH(__CLEAR_SRAM_SIZE)
00004d e6a0      	LDI  R26,__SRAM_START
                 __CLEAR_SRAM:
00004e 93ed      	ST   X+,R30
00004f 9701      	SBIW R24,1
000050 f7e9      	BRNE __CLEAR_SRAM
                 
                 ;GLOBAL VARIABLES INITIALIZATION
000051 e6e8      	LDI  R30,LOW(__GLOBAL_INI_TBL*2)
000052 e0f0      	LDI  R31,HIGH(__GLOBAL_INI_TBL*2)
                 __GLOBAL_INI_NEXT:
000053 9185      	LPM  R24,Z+
000054 9195      	LPM  R25,Z+
000055 9700      	SBIW R24,0
000056 f061      	BREQ __GLOBAL_INI_END
000057 91a5      	LPM  R26,Z+
000058 91b5      	LPM  R27,Z+
000059 9005      	LPM  R0,Z+
00005a 9015      	LPM  R1,Z+
00005b 01bf      	MOVW R22,R30
00005c 01f0      	MOVW R30,R0
                 __GLOBAL_INI_LOOP:
00005d 9005      	LPM  R0,Z+
00005e 920d      	ST   X+,R0
00005f 9701      	SBIW R24,1
000060 f7e1      	BRNE __GLOBAL_INI_LOOP
000061 01fb      	MOVW R30,R22
000062 cff0      	RJMP __GLOBAL_INI_NEXT
                 __GLOBAL_INI_END:
                 
                 ;HARDWARE STACK POINTER INITIALIZATION
000063 e5ef      	LDI  R30,LOW(__SRAM_END-__HEAP_SIZE)
000064 bfed      	OUT  SPL,R30
000065 e0e8      	LDI  R30,HIGH(__SRAM_END-__HEAP_SIZE)
000066 bfee      	OUT  SPH,R30
                 
                 ;DATA STACK POINTER INITIALIZATION
000067 e6c0      	LDI  R28,LOW(__SRAM_START+__DSTACK_SIZE)
000068 e0d2      	LDI  R29,HIGH(__SRAM_START+__DSTACK_SIZE)
                 
000069 940c 006b 	JMP  _main
                 
                 	.ESEG
                 	.ORG 0
                 
                 	.DSEG
                 	.ORG 0x260
                 
                 	.CSEG
                 ;/*****************************************************
                 ;This program was produced by the
                 ;CodeWizardAVR V2.05.3 Standard
                 ;Automatic Program Generator
                 ;© Copyright 1998-2011 Pavel Haiduc, HP InfoTech s.r.l.
                 ;http://www.hpinfotech.com
                 ;
                 ;Project :
                 ;Version :
                 ;Date    : 6/30/2013
                 ;Author  : Ardika
                 ;Company : CrowjaEmbedder
                 ;Comments:
                 ;
                 ;
                 ;Chip type               : ATmega32
                 ;Program type            : Application
                 ;AVR Core Clock frequency: 16.000000 MHz
                 ;Memory model            : Small
                 ;External RAM size       : 0
                 ;Data Stack size         : 512
                 ;*****************************************************/
                 ;
                 ;#include <mega32.h>
                 	#ifndef __SLEEP_DEFINED__
                 	#define __SLEEP_DEFINED__
                 	.EQU __se_bit=0x80
                 	.EQU __sm_mask=0x70
                 	.EQU __sm_powerdown=0x20
                 	.EQU __sm_powersave=0x30
                 	.EQU __sm_standby=0x60
                 	.EQU __sm_ext_standby=0x70
                 	.EQU __sm_adc_noise_red=0x10
                 	.SET power_ctrl_reg=mcucr
                 	#endif
                 ;#include <alcd.h>
                 ;#include <delay.h>
                 ;
                 ;#define ADC_VREF_TYPE 0x60
                 ;
                 ;// definisi tombol-tombol
                 ;#define CMD_UP      PINC.4
                 ;#define CMD_DOWN    PINC.5
                 ;#define CMD_OK      PINC.6
                 ;#define CMD_CANCEL  PINC.7
                 ;
                 ;// Detektor persimpangan jalan
                 ;#define RIGHT_WING  PIND.0
                 ;#define LEFT_WING   PIND.1
                 ;
                 ;// definisi kendali motor
                 ;#define RIGHT_PWM   OCR1AL
                 ;#define LEFT_PWM    OCR1BL
                 ;#define RIGHT_DR1   PORTD.6
                 ;#define RIGHT_DR2   PORTD.7
                 ;#define LEFT_DR1    PORTD.2
                 ;#define LEFT_DR2    PORTD.3
                 ;
                 ;// definisi custom character LCD
                 ;#define FULL_BLOCK  0
                 ;#define EMPTY_BLOCK 1
                 ;
                 ;// definisi untuk melakukan kalibrasi
                 ;#define CALIBRATING_COUNT   100
                 ;
                 ;
                 ;flash unsigned char fullBlock[8] = {0b11111,
                 ;                                    0b11111,
                 ;                                    0b11111,
                 ;                                    0b11111,
                 ;                                    0b11111,
                 ;                                    0b11111,
                 ;                                    0b11111,
                 ;                                    0b11111};
                 ;
                 ;flash unsigned char emptyBlock[8] = {0b11111,
                 ;                                     0b10001,
                 ;                                     0b10001,
                 ;                                     0b10001,
                 ;                                     0b10001,
                 ;                                     0b10001,
                 ;                                     0b10001,
                 ;                                     0b11111};
                 ;
                 ;// Variabel-variabel kontrol yang tersimpan di memory non-volatile
                 ;eeprom unsigned char eeMaxSpeed = 255;
                 ;eeprom unsigned char eeKp = 0;
                 ;eeprom unsigned char eeKd = 0;
                 ;eeprom unsigned char eeKi = 0;
                 ;
                 ;// Varibel kepekaan sensor dalam memory non-volaitile
                 ;eeprom unsigned char eeWhiteMin[8] = {0};   // Nilai pembacaan minimal untuk putih
                 ;eeprom unsigned char eeBlackMax[8] = {0};  // Nilai pembacaan maksimal untuk hitam
                 ;eeprom unsigned char eeMiddleVal[8] = {0};   // Nilai tengah antara white min dan black max
                 ;
                 ;// Varibael-varibel kontrol yang disimpan di memory volatile untuk perhitungan kontrol
                 ;unsigned char maxSpeed;     // nilai kecepatan maksimal
                 ;unsigned char kp;           // konstanta proposional
                 ;unsigned char kd;           // konstanta derivatif
                 ;unsigned char ki;           // konstanta integral
                 ;unsigned char error;        // nilai error pembacaan sensor
                 ;unsigned char sp;           // nilai set point sensor
                 ;
                 ;// Variabel kepekaan sensor dalam memory volatile untuk perhitungan
                 ;unsigned char whiteMin[8] = {0};   // Nilai pembacaan minimal untuk putih
                 ;unsigned char blackMax[8] = {0};  // Nilai pembacaan maksimal untuk hitam
                 ;unsigned char middleVal[8] = {0};   // Nilai tengah antara white min dan black max
                 ;
                 ;// Varibel penyimpan nilai sensor biner, dimana tiap satu sensor nilainya diwakili oleh 1-bit
                 ;// yang merupakan hasil perbandingan pembacaan nilai analog sensor dengan nilai kepekaan sensor
                 ;unsigned char sensor = 0;
                 ;
                 ;//prototype fungsi
                 ;void define_char(unsigned char flash *pc,unsigned char char_code);
                 ;unsigned char read_adc(unsigned char adc_input);
                 ;void scanLine();
                 ;void loadVariables();
                 ;void saveVariables();
                 ;void lcdOn(unsigned char on);
                 ;void lcdOnWing();
                 ;void go();
                 ;void back();
                 ;void left();
                 ;void right();
                 ;void stop(unsigned char usingPowerBrake);
                 ;void lcdPrintByte(unsigned char value);
                 ;void printADCSensor();
                 ;void printBinarySensor();
                 ;void whiteCalibrating();
                 ;void blackCalibrating();
                 ;void applyCalibratedValue();
                 ;void pid();
                 ;
                 ;
                 ;void main(void)
                 ; 0000 007D {
                 
                 	.CSEG
                 _main:
                 ; 0000 007E 
                 ; 0000 007F     PORTA=0x00;
00006b e0e0      	LDI  R30,LOW(0)
00006c bbeb      	OUT  0x1B,R30
                 ; 0000 0080     DDRA=0x00;
00006d bbea      	OUT  0x1A,R30
                 ; 0000 0081 
                 ; 0000 0082     PORTB=0xFF;
00006e efef      	LDI  R30,LOW(255)
00006f bbe8      	OUT  0x18,R30
                 ; 0000 0083     DDRB=0xFF;
000070 bbe7      	OUT  0x17,R30
                 ; 0000 0084 
                 ; 0000 0085     PORTC=0x00;
000071 e0e0      	LDI  R30,LOW(0)
000072 bbe5      	OUT  0x15,R30
                 ; 0000 0086     DDRC=0x00;
000073 bbe4      	OUT  0x14,R30
                 ; 0000 0087 
                 ; 0000 0088     PORTD=0x00;
000074 bbe2      	OUT  0x12,R30
                 ; 0000 0089     DDRD=0xFC;
000075 efec      	LDI  R30,LOW(252)
000076 bbe1      	OUT  0x11,R30
                 ; 0000 008A 
                 ; 0000 008B     // Timer/Counter 0 initialization
                 ; 0000 008C     // Clock source: System Clock
                 ; 0000 008D     // Clock value: 2000.000 kHz
                 ; 0000 008E     // Mode: Fast PWM top=0xFF
                 ; 0000 008F     // OC0 output: Disconnected
                 ; 0000 0090     TCCR0=0x4A;
000077 e4ea      	LDI  R30,LOW(74)
000078 bfe3      	OUT  0x33,R30
                 ; 0000 0091     TCNT0=0x00;
000079 e0e0      	LDI  R30,LOW(0)
00007a bfe2      	OUT  0x32,R30
                 ; 0000 0092     OCR0=0x0F;
00007b e0ef      	LDI  R30,LOW(15)
00007c bfec      	OUT  0x3C,R30
                 ; 0000 0093 
                 ; 0000 0094     // Timer/Counter 1 initialization
                 ; 0000 0095     // Clock source: System Clock
                 ; 0000 0096     // Clock value: 250.000 kHz
                 ; 0000 0097     // Mode: Fast PWM top=0x00FF
                 ; 0000 0098     // OC1A output: Non-Inv.
                 ; 0000 0099     // OC1B output: Non-Inv.
                 ; 0000 009A     // Noise Canceler: Off
                 ; 0000 009B     // Input Capture on Falling Edge
                 ; 0000 009C     // Timer1 Overflow Interrupt: Off
                 ; 0000 009D     // Input Capture Interrupt: Off
                 ; 0000 009E     // Compare A Match Interrupt: Off
                 ; 0000 009F     // Compare B Match Interrupt: Off
                 ; 0000 00A0     TCCR1A=0xA1;
00007d eae1      	LDI  R30,LOW(161)
00007e bdef      	OUT  0x2F,R30
                 ; 0000 00A1     TCCR1B=0x0B;
00007f e0eb      	LDI  R30,LOW(11)
000080 bdee      	OUT  0x2E,R30
                 ; 0000 00A2     TCNT1H=0x00;
000081 e0e0      	LDI  R30,LOW(0)
000082 bded      	OUT  0x2D,R30
                 ; 0000 00A3     TCNT1L=0x00;
000083 bdec      	OUT  0x2C,R30
                 ; 0000 00A4     ICR1H=0x00;
000084 bde7      	OUT  0x27,R30
                 ; 0000 00A5     ICR1L=0x00;
000085 bde6      	OUT  0x26,R30
                 ; 0000 00A6     OCR1AH=0x00;
000086 bdeb      	OUT  0x2B,R30
                 ; 0000 00A7     OCR1AL=0x00;
000087 bdea      	OUT  0x2A,R30
                 ; 0000 00A8     OCR1BH=0x00;
000088 bde9      	OUT  0x29,R30
                 ; 0000 00A9     OCR1BL=0x00;
000089 bde8      	OUT  0x28,R30
                 ; 0000 00AA 
                 ; 0000 00AB     // Timer/Counter 2 initialization
                 ; 0000 00AC     // Clock source: System Clock
                 ; 0000 00AD     // Clock value: Timer2 Stopped
                 ; 0000 00AE     // Mode: Normal top=0xFF
                 ; 0000 00AF     // OC2 output: Disconnected
                 ; 0000 00B0     ASSR=0x00;
00008a bde2      	OUT  0x22,R30
                 ; 0000 00B1     TCCR2=0x00;
00008b bde5      	OUT  0x25,R30
                 ; 0000 00B2     TCNT2=0x00;
00008c bde4      	OUT  0x24,R30
                 ; 0000 00B3     OCR2=0x00;
00008d bde3      	OUT  0x23,R30
                 ; 0000 00B4 
                 ; 0000 00B5     // External Interrupt(s) initialization
                 ; 0000 00B6     // INT0: Off
                 ; 0000 00B7     // INT1: Off
                 ; 0000 00B8     // INT2: Off
                 ; 0000 00B9     MCUCR=0x00;
00008e bfe5      	OUT  0x35,R30
                 ; 0000 00BA     MCUCSR=0x00;
00008f bfe4      	OUT  0x34,R30
                 ; 0000 00BB 
                 ; 0000 00BC     // Timer(s)/Counter(s) Interrupt(s) initialization
                 ; 0000 00BD     TIMSK=0x00;
000090 bfe9      	OUT  0x39,R30
                 ; 0000 00BE 
                 ; 0000 00BF     // USART initialization
                 ; 0000 00C0     // USART disabled
                 ; 0000 00C1     UCSRB=0x00;
000091 b9ea      	OUT  0xA,R30
                 ; 0000 00C2 
                 ; 0000 00C3     // Analog Comparator initialization
                 ; 0000 00C4     // Analog Comparator: Off
                 ; 0000 00C5     // Analog Comparator Input Capture by Timer/Counter 1: Off
                 ; 0000 00C6     ACSR=0x80;
000092 e8e0      	LDI  R30,LOW(128)
000093 b9e8      	OUT  0x8,R30
                 ; 0000 00C7     SFIOR=0x00;
000094 e0e0      	LDI  R30,LOW(0)
000095 bfe0      	OUT  0x30,R30
                 ; 0000 00C8 
                 ; 0000 00C9     // ADC initialization
                 ; 0000 00CA     // ADC Clock frequency: 125.000 kHz
                 ; 0000 00CB     // ADC Voltage Reference: AVCC pin
                 ; 0000 00CC     // Only the 8 most significant bits of
                 ; 0000 00CD     // the AD conversion result are used
                 ; 0000 00CE     ADMUX=ADC_VREF_TYPE & 0xff;
000096 e6e0      	LDI  R30,LOW(96)
000097 b9e7      	OUT  0x7,R30
                 ; 0000 00CF     ADCSRA=0x87;
000098 e8e7      	LDI  R30,LOW(135)
000099 b9e6      	OUT  0x6,R30
                 ; 0000 00D0 
                 ; 0000 00D1     // SPI initialization
                 ; 0000 00D2     // SPI disabled
                 ; 0000 00D3     SPCR=0x00;
00009a e0e0      	LDI  R30,LOW(0)
00009b b9ed      	OUT  0xD,R30
                 ; 0000 00D4 
                 ; 0000 00D5     // TWI initialization
                 ; 0000 00D6     // TWI disabled
                 ; 0000 00D7     TWCR=0x00;
00009c bfe6      	OUT  0x36,R30
                 ; 0000 00D8 
                 ; 0000 00D9 
                 ; 0000 00DA     // Alphanumeric LCD initialization
                 ; 0000 00DB     // Connections are specified in the
                 ; 0000 00DC     // Project|Configure|C Compiler|Libraries|Alphanumeric LCD menu:
                 ; 0000 00DD     // RS - PORTB Bit 0
                 ; 0000 00DE     // RD - PORTB Bit 1
                 ; 0000 00DF     // EN - PORTB Bit 2
                 ; 0000 00E0     // D4 - PORTB Bit 4
                 ; 0000 00E1     // D5 - PORTB Bit 5
                 ; 0000 00E2     // D6 - PORTB Bit 6
                 ; 0000 00E3     // D7 - PORTB Bit 7
                 ; 0000 00E4     // Characters/line: 16
                 ; 0000 00E5     lcd_init(16);
00009d e1a0      	LDI  R26,LOW(16)
00009e d114      	RCALL _lcd_init
                 ; 0000 00E6     lcd_clear();
00009f d0f5      	RCALL _lcd_clear
                 ; 0000 00E7     define_char(fullBlock,FULL_BLOCK);
0000a0 e5e4      	LDI  R30,LOW(_fullBlock*2)
0000a1 e0f0      	LDI  R31,HIGH(_fullBlock*2)
0000a2 93fa      	ST   -Y,R31
0000a3 93ea      	ST   -Y,R30
0000a4 e0a0      	LDI  R26,LOW(0)
0000a5 d00f      	RCALL _define_char
                 ; 0000 00E8     define_char(emptyBlock,EMPTY_BLOCK);
0000a6 e5ec      	LDI  R30,LOW(_emptyBlock*2)
0000a7 e0f0      	LDI  R31,HIGH(_emptyBlock*2)
0000a8 93fa      	ST   -Y,R31
0000a9 93ea      	ST   -Y,R30
0000aa e0a1      	LDI  R26,LOW(1)
0000ab d009      	RCALL _define_char
                 ; 0000 00E9     lcdOn(1);
0000ac e0a1      	LDI  R26,LOW(1)
0000ad d063      	RCALL _lcdOn
                 ; 0000 00EA     lcd_clear();
0000ae d0e6      	RCALL _lcd_clear
                 ; 0000 00EB 
                 ; 0000 00EC     loadVariables();
0000af d02b      	RCALL _loadVariables
                 ; 0000 00ED 
                 ; 0000 00EE     while (1) {
                 _0x3:
                 ; 0000 00EF         lcd_gotoxy(0,0);
0000b0 e0e0      	LDI  R30,LOW(0)
0000b1 d12c      	RCALL SUBOPT_0x0
                 ; 0000 00F0         printADCSensor();
0000b2 d08b      	RCALL _printADCSensor
                 ; 0000 00F1         //scanLine();
                 ; 0000 00F2         //printBinarySensor();
                 ; 0000 00F3 
                 ; 0000 00F4     }
0000b3 cffc      	RJMP _0x3
                 ; 0000 00F5 }
                 _0x6:
0000b4 cfff      	RJMP _0x6
                 ;
                 ;
                 ;/* function used to define user characters */
                 ;void define_char(unsigned char flash *pc,unsigned char char_code)
                 ; 0000 00FA {
                 _define_char:
                 ; 0000 00FB     unsigned char i,a;
                 ; 0000 00FC     a=(char_code<<3) | 0x40;
0000b5 93aa      	ST   -Y,R26
0000b6 931a      	ST   -Y,R17
0000b7 930a      	ST   -Y,R16
                 ;	*pc -> Y+3
                 ;	char_code -> Y+2
                 ;	i -> R17
                 ;	a -> R16
0000b8 81ea      	LDD  R30,Y+2
0000b9 0fee      	LSL  R30
0000ba 0fee      	LSL  R30
0000bb 0fee      	LSL  R30
0000bc 64e0      	ORI  R30,0x40
0000bd 2f0e      	MOV  R16,R30
                 ; 0000 00FD     for (i=0; i<8; i++) lcd_write_byte(a++,*pc++);
0000be e010      	LDI  R17,LOW(0)
                 _0x8:
0000bf 3018      	CPI  R17,8
0000c0 f460      	BRSH _0x9
0000c1 930a      	ST   -Y,R16
0000c2 9503      	INC  R16
0000c3 81ec      	LDD  R30,Y+4
0000c4 81fd      	LDD  R31,Y+4+1
0000c5 9631      	ADIW R30,1
0000c6 83ec      	STD  Y+4,R30
0000c7 83fd      	STD  Y+4+1,R31
0000c8 9731      	SBIW R30,1
0000c9 91a4      	LPM  R26,Z
0000ca d0b5      	RCALL _lcd_write_byte
0000cb 5f1f      	SUBI R17,-1
0000cc cff2      	RJMP _0x8
                 _0x9:
                 ; 0000 00FE }
0000cd 8119      	LDD  R17,Y+1
0000ce 8108      	LDD  R16,Y+0
0000cf 9625      	ADIW R28,5
0000d0 9508      	RET
                 ;
                 ;
                 ;// Read the 8 most significant bits
                 ;// of the AD conversion result
                 ;unsigned char read_adc(unsigned char adc_input)
                 ; 0000 0104 {
                 _read_adc:
                 ; 0000 0105     ADMUX=adc_input | (ADC_VREF_TYPE & 0xff);
0000d1 93aa      	ST   -Y,R26
                 ;	adc_input -> Y+0
0000d2 81e8      	LD   R30,Y
0000d3 66e0      	ORI  R30,LOW(0x60)
0000d4 b9e7      	OUT  0x7,R30
                 ; 0000 0106     // Delay needed for the stabilization of the ADC input voltage
                 ; 0000 0107     //delay_us(10);
                 ; 0000 0108     // Start the AD conversion
                 ; 0000 0109     ADCSRA|=0x40;
0000d5 9a36      	SBI  0x6,6
                 ; 0000 010A     // Wait for the AD conversion to complete
                 ; 0000 010B     while (!(ADCSRA & 0x10));
                 _0xA:
0000d6 9b34      	SBIS 0x6,4
0000d7 cffe      	RJMP _0xA
                 ; 0000 010C         ADCSRA |= 0x10;
0000d8 9a34      	SBI  0x6,4
                 ; 0000 010D     return ADCH;
0000d9 b1e5      	IN   R30,0x5
0000da c101      	RJMP _0x2020001
                 ; 0000 010E }
                 ;
                 ;
                 ;void scanLine()
                 ; 0000 0112 {
                 ; 0000 0113     unsigned char i = 0;
                 ; 0000 0114     unsigned char adcRead[i];  // Variabel pembacaan nilai ADC
                 ; 0000 0115     // JUmlah warna putih dan hitam yang terdeteksi oleh sensor
                 ; 0000 0116     unsigned char blackCount = 0, whiteCount = 0;
                 ; 0000 0117 
                 ; 0000 0118     sensor = 0x00;   // Hapus nilai sensor sebelumnya
                 ;	i -> R17
                 ;	adcRead -> Y+4
                 ;	blackCount -> R16
                 ;	whiteCount -> R19
                 ; 0000 0119 
                 ; 0000 011A     for (; i<8; i++) {
                 ; 0000 011B         adcRead[i] = read_adc(i);  // Baca nilai ADC ada bit ke-i
                 ; 0000 011C         if (adcRead[i] > whiteMin[i])  // Jika hasil pembacaan > nilai putih
                 ; 0000 011D             blackCount++;       // Increment jumlah blok hitam yang terbaca
                 ; 0000 011E         else
                 ; 0000 011F             whiteCount++;      // Increment jumlah blok putih yang terbaca
                 ; 0000 0120     }
                 ; 0000 0121     if (whiteCount > blackCount) {  // Banyaknya blok warna putih yang terdeteksi > dari blok warna hitam, maka garis nya adalah hitam
                 ; 0000 0122         for (i=0; i<8; i++) {
                 ; 0000 0123             if (adcRead[i] > whiteMin[i])
                 ; 0000 0124                 sensor |= (1<<i);
                 ; 0000 0125         }
                 ; 0000 0126     }
                 ; 0000 0127     else { // Banyaknya blok warna putih yang terdeteksi < dari blok warna hitam, maka garis nya adalah putih
                 ; 0000 0128         for (i=0; i<8; i++) {
                 ; 0000 0129             if (adcRead[i] < blackMax[i])
                 ; 0000 012A                 sensor |= (1<<i);
                 ; 0000 012B         }
                 ; 0000 012C     }
                 ; 0000 012D     lcdPrintByte(blackCount);
                 ; 0000 012E }
                 ;
                 ;void loadVariables()
                 ; 0000 0131 {
                 _loadVariables:
                 ; 0000 0132     unsigned char i = 0;
                 ; 0000 0133 
                 ; 0000 0134     maxSpeed = eeMaxSpeed;
0000db 931a      	ST   -Y,R17
                 ;	i -> R17
0000dc e010      	LDI  R17,0
0000dd e0a0      	LDI  R26,LOW(_eeMaxSpeed)
0000de e0b0      	LDI  R27,HIGH(_eeMaxSpeed)
0000df 940e 0235 	CALL __EEPROMRDB
0000e1 2e5e      	MOV  R5,R30
                 ; 0000 0135     kp = eeKp;
0000e2 e0a1      	LDI  R26,LOW(_eeKp)
0000e3 e0b0      	LDI  R27,HIGH(_eeKp)
0000e4 940e 0235 	CALL __EEPROMRDB
0000e6 2e4e      	MOV  R4,R30
                 ; 0000 0136     kd = eeKd;
0000e7 e0a2      	LDI  R26,LOW(_eeKd)
0000e8 e0b0      	LDI  R27,HIGH(_eeKd)
0000e9 940e 0235 	CALL __EEPROMRDB
0000eb 2e7e      	MOV  R7,R30
                 ; 0000 0137     ki = eeKi;
0000ec e0a3      	LDI  R26,LOW(_eeKi)
0000ed e0b0      	LDI  R27,HIGH(_eeKi)
0000ee 940e 0235 	CALL __EEPROMRDB
0000f0 2e6e      	MOV  R6,R30
                 ; 0000 0138 
                 ; 0000 0139     for (; i<8; i++) {
                 _0x1D:
0000f1 3018      	CPI  R17,8
0000f2 f4e0      	BRSH _0x1E
                 ; 0000 013A         whiteMin[i] = eeWhiteMin[i];
0000f3 2fe1      	MOV  R30,R17
0000f4 e0f0      	LDI  R31,0
0000f5 5ae0      	SUBI R30,LOW(-_whiteMin)
0000f6 4ffd      	SBCI R31,HIGH(-_whiteMin)
0000f7 010f      	MOVW R0,R30
0000f8 2fa1      	MOV  R26,R17
0000f9 e0b0      	LDI  R27,0
0000fa 5fac      	SUBI R26,LOW(-_eeWhiteMin)
0000fb 4fbf      	SBCI R27,HIGH(-_eeWhiteMin)
0000fc 940e 0235 	CALL __EEPROMRDB
0000fe 01d0      	MOVW R26,R0
0000ff 93ec      	ST   X,R30
                 ; 0000 013B         blackMax[i] = eeBlackMax[i];
000100 2fe1      	MOV  R30,R17
000101 e0f0      	LDI  R31,0
000102 59e8      	SUBI R30,LOW(-_blackMax)
000103 4ffd      	SBCI R31,HIGH(-_blackMax)
000104 010f      	MOVW R0,R30
000105 2fa1      	MOV  R26,R17
000106 e0b0      	LDI  R27,0
000107 5fa4      	SUBI R26,LOW(-_eeBlackMax)
000108 4fbf      	SBCI R27,HIGH(-_eeBlackMax)
000109 940e 0235 	CALL __EEPROMRDB
00010b 01d0      	MOVW R26,R0
00010c 93ec      	ST   X,R30
                 ; 0000 013C     }
00010d 5f1f      	SUBI R17,-1
00010e cfe2      	RJMP _0x1D
                 _0x1E:
                 ; 0000 013D }
00010f 9119      	LD   R17,Y+
000110 9508      	RET
                 ;
                 ;void saveVariables()
                 ; 0000 0140 {
                 ; 0000 0141     unsigned char i = 0;
                 ; 0000 0142 
                 ; 0000 0143     eeMaxSpeed = maxSpeed;
                 ;	i -> R17
                 ; 0000 0144     eeKp = kp;
                 ; 0000 0145     eeKd = kd;
                 ; 0000 0146     eeKi = ki;
                 ; 0000 0147 
                 ; 0000 0148     for (; i<8; i++) {
                 ; 0000 0149         eeWhiteMin[i] = whiteMin[i];
                 ; 0000 014A         eeBlackMax[i] = blackMax[i];
                 ; 0000 014B     }
                 ; 0000 014C }
                 ;
                 ;
                 ;void lcdOn(unsigned char on)
                 ; 0000 0150 {
                 _lcdOn:
                 ; 0000 0151     PORTB.3 = on;
000111 93aa      	ST   -Y,R26
                 ;	on -> Y+0
000112 81e8      	LD   R30,Y
000113 30e0      	CPI  R30,0
000114 f411      	BRNE _0x22
000115 98c3      	CBI  0x18,3
000116 c001      	RJMP _0x23
                 _0x22:
000117 9ac3      	SBI  0x18,3
                 _0x23:
                 ; 0000 0152 }
000118 c0c3      	RJMP _0x2020001
                 ;
                 ;void lcdOnWing()
                 ; 0000 0155 {
                 ; 0000 0156     PORTB.3 = !((LEFT_WING) | (RIGHT_WING));
                 ; 0000 0157 }
                 ;
                 ;void go()
                 ; 0000 015A {
                 ; 0000 015B     RIGHT_DR1 = 0; RIGHT_DR2 = 1;
                 ; 0000 015C     LEFT_DR1 = 0; LEFT_DR2 = 1;
                 ; 0000 015D }
                 ;
                 ;void back()
                 ; 0000 0160 {
                 ; 0000 0161     RIGHT_DR1 = 1; RIGHT_DR2 = 0;
                 ; 0000 0162     LEFT_DR1 = 1; LEFT_DR2 = 0;
                 ; 0000 0163 }
                 ;
                 ;void left()
                 ; 0000 0166 {
                 ; 0000 0167     RIGHT_DR1 = 0; RIGHT_DR2 = 1;
                 ; 0000 0168     LEFT_DR1 = 0; LEFT_DR2 = 0;
                 ; 0000 0169 }
                 ;
                 ;void right()
                 ; 0000 016C {
                 ; 0000 016D     RIGHT_DR1 = 0; RIGHT_DR2 = 0;
                 ; 0000 016E     LEFT_DR1 = 0; LEFT_DR2 = 1;
                 ; 0000 016F }
                 ;
                 ;void stop(unsigned char usingPowerBrake)
                 ; 0000 0172 {
                 ; 0000 0173     RIGHT_DR1 = RIGHT_DR2 = LEFT_DR1 = LEFT_DR2 = 0;
                 ;	usingPowerBrake -> Y+0
                 ; 0000 0174     if (usingPowerBrake) {
                 ; 0000 0175         back();
                 ; 0000 0176         LEFT_PWM = RIGHT_PWM = 255;
                 ; 0000 0177         delay_ms(100);
                 ; 0000 0178         LEFT_PWM = RIGHT_PWM = 0;
                 ; 0000 0179     }
                 ; 0000 017A 
                 ; 0000 017B }
                 ;
                 ;
                 ;
                 ;void lcdPrintByte(unsigned char value)
                 ; 0000 0180 {
                 _lcdPrintByte:
                 ; 0000 0181     unsigned char ten = (value % 100) / 10;
                 ; 0000 0182     lcd_putchar('0' + (value / 100));
000119 93aa      	ST   -Y,R26
00011a 931a      	ST   -Y,R17
                 ;	value -> Y+1
                 ;	ten -> R17
00011b 81a9      	LDD  R26,Y+1
00011c 27bb      	CLR  R27
00011d e6e4      	LDI  R30,LOW(100)
00011e e0f0      	LDI  R31,HIGH(100)
00011f 940e 0219 	CALL __MODW21
000121 01df      	MOVW R26,R30
000122 e0ea      	LDI  R30,LOW(10)
000123 e0f0      	LDI  R31,HIGH(10)
000124 940e 0214 	CALL __DIVW21
000126 2f1e      	MOV  R17,R30
000127 81a9      	LDD  R26,Y+1
000128 e0b0      	LDI  R27,0
000129 e6e4      	LDI  R30,LOW(100)
00012a e0f0      	LDI  R31,HIGH(100)
00012b 940e 0214 	CALL __DIVW21
00012d 5de0      	SUBI R30,-LOW(48)
00012e 2fae      	MOV  R26,R30
00012f d06f      	RCALL _lcd_putchar
                 ; 0000 0183     lcd_putchar('0' + ten);
000130 2fa1      	MOV  R26,R17
000131 5da0      	SUBI R26,-LOW(48)
000132 d06c      	RCALL _lcd_putchar
                 ; 0000 0184     lcd_putchar('0' + (value % 10));
000133 81a9      	LDD  R26,Y+1
000134 27bb      	CLR  R27
000135 e0ea      	LDI  R30,LOW(10)
000136 e0f0      	LDI  R31,HIGH(10)
000137 940e 0219 	CALL __MODW21
000139 5de0      	SUBI R30,-LOW(48)
00013a 2fae      	MOV  R26,R30
00013b d063      	RCALL _lcd_putchar
                 ; 0000 0185 }
00013c 8118      	LDD  R17,Y+0
00013d c055      	RJMP _0x2020002
                 ;
                 ;void printADCSensor()
                 ; 0000 0188 {
                 _printADCSensor:
                 ; 0000 0189     lcd_gotoxy(0,0); lcdPrintByte(read_adc(0));
00013e e0e0      	LDI  R30,LOW(0)
00013f d09e      	RCALL SUBOPT_0x0
000140 e0a0      	LDI  R26,LOW(0)
000141 d09f      	RCALL SUBOPT_0x1
                 ; 0000 018A     lcd_gotoxy(4,0); lcdPrintByte(read_adc(1));
000142 e0e4      	LDI  R30,LOW(4)
000143 d09a      	RCALL SUBOPT_0x0
000144 e0a1      	LDI  R26,LOW(1)
000145 d09b      	RCALL SUBOPT_0x1
                 ; 0000 018B     lcd_gotoxy(8,0); lcdPrintByte(read_adc(2));
000146 e0e8      	LDI  R30,LOW(8)
000147 d096      	RCALL SUBOPT_0x0
000148 e0a2      	LDI  R26,LOW(2)
000149 d097      	RCALL SUBOPT_0x1
                 ; 0000 018C     lcd_gotoxy(12,0); lcdPrintByte(read_adc(3));
00014a e0ec      	LDI  R30,LOW(12)
00014b d092      	RCALL SUBOPT_0x0
00014c e0a3      	LDI  R26,LOW(3)
00014d d093      	RCALL SUBOPT_0x1
                 ; 0000 018D     lcd_gotoxy(0,1); lcdPrintByte(read_adc(4));
00014e e0e0      	LDI  R30,LOW(0)
00014f d094      	RCALL SUBOPT_0x2
000150 e0a4      	LDI  R26,LOW(4)
000151 d08f      	RCALL SUBOPT_0x1
                 ; 0000 018E     lcd_gotoxy(4,1); lcdPrintByte(read_adc(5));
000152 e0e4      	LDI  R30,LOW(4)
000153 d090      	RCALL SUBOPT_0x2
000154 e0a5      	LDI  R26,LOW(5)
000155 d08b      	RCALL SUBOPT_0x1
                 ; 0000 018F     lcd_gotoxy(8,1); lcdPrintByte(read_adc(6));
000156 e0e8      	LDI  R30,LOW(8)
000157 d08c      	RCALL SUBOPT_0x2
000158 e0a6      	LDI  R26,LOW(6)
000159 d087      	RCALL SUBOPT_0x1
                 ; 0000 0190     lcd_gotoxy(12,1); lcdPrintByte(read_adc(7));
00015a e0ec      	LDI  R30,LOW(12)
00015b d088      	RCALL SUBOPT_0x2
00015c e0a7      	LDI  R26,LOW(7)
00015d d083      	RCALL SUBOPT_0x1
                 ; 0000 0191 }
00015e 9508      	RET
                 ;
                 ;void printBinarySensor()
                 ; 0000 0194 {
                 ; 0000 0195     unsigned char i = 0;
                 ; 0000 0196 
                 ; 0000 0197     for (; i<8; i++) {
                 ;	i -> R17
                 ; 0000 0198         if (sensor & (1<<i))
                 ; 0000 0199             lcd_putchar(FULL_BLOCK);
                 ; 0000 019A         else
                 ; 0000 019B             lcd_putchar(EMPTY_BLOCK);
                 ; 0000 019C     }
                 ; 0000 019D }
                 ;
                 ;
                 ;////////////////////////////////////////////////////////////////////////////////////////////////////////////////////////////////////////////////////////
                 ;//// REGION CALIBRATING FUNCTIONS //////////////////////////////////////////////////////////////////////////////////////////////////////////////////////
                 ;////////////////////////////////////////////////////////////////////////////////////////////////////////////////////////////////////////////////////////
                 ;/*
                 ;    PROSEDUR MELAKUKAN KALIBRASI:
                 ;        Panggil kedua fungsi blackCalibrating() dan whiteCalibrating()
                 ;        Panggil fungsi applyCalibratedValue()
                 ;*/
                 ;
                 ;void blackCalibrating()
                 ; 0000 01AA {
                 ; 0000 01AB     unsigned char i;
                 ; 0000 01AC     unsigned char calibratingCount;   // Jumlah kalkulasi kalibrasi untuk tiap sensor
                 ; 0000 01AD     unsigned char calibratedBlackMax;  // Nilai hitam maksimal hasil kalibrasi hitam, untuk tiap sensor
                 ; 0000 01AE     unsigned char readADC;  // nilai pembacaan ADC
                 ; 0000 01AF     unsigned char tolerance;  // nilai toleransi
                 ; 0000 01B0 
                 ; 0000 01B1     // Kalibrasi HItam
                 ; 0000 01B2     for (i=0; i<8; i++) {
                 ;	i -> R17
                 ;	calibratingCount -> R16
                 ;	calibratedBlackMax -> R19
                 ;	readADC -> R18
                 ;	tolerance -> R21
                 ; 0000 01B3         calibratingCount = CALIBRATING_COUNT;
                 ; 0000 01B4         calibratedBlackMax = 0;     // Atur nilainya menjadi nilai minimal tipedata unsigned byte, karena kita akan mencari nilai maksimum
                 ; 0000 01B5         while (calibratingCount--) {
                 ; 0000 01B6             readADC = read_adc(i);
                 ; 0000 01B7             if (readADC > calibratedBlackMax)
                 ; 0000 01B8                 calibratedBlackMax = readADC;
                 ; 0000 01B9         }
                 ; 0000 01BA         if (calibratedBlackMax < 255)
                 ; 0000 01BB             tolerance = (255 - calibratedBlackMax);     // hitung nilai toleransi
                 ; 0000 01BC         else
                 ; 0000 01BD             tolerance = 0;
                 ; 0000 01BE         blackMax[i] = eeBlackMax[i] = (calibratedBlackMax + tolerance);  // simpan nilai kalibarasi di ram sekaligus di eeprom
                 ; 0000 01BF     }
                 ; 0000 01C0 
                 ; 0000 01C1 }
                 ;
                 ;void whiteCalibrating()
                 ; 0000 01C4 {
                 ; 0000 01C5     unsigned char i;
                 ; 0000 01C6     unsigned char calibratingCount;   // Jumlah kalkulasi kalibrasi untuk tiap sensor
                 ; 0000 01C7     unsigned char calibratedWhiteMin;  // Nilai hitam minimum hasil kalibrasi putih, untuk tiap sensor
                 ; 0000 01C8     unsigned char readADC;  // nilai pembacaan ADC
                 ; 0000 01C9     unsigned char tolerance;  // nilai toleransi
                 ; 0000 01CA 
                 ; 0000 01CB     // Kalibrasi HItam
                 ; 0000 01CC     for (i=0; i<8; i++) {
                 ;	i -> R17
                 ;	calibratingCount -> R16
                 ;	calibratedWhiteMin -> R19
                 ;	readADC -> R18
                 ;	tolerance -> R21
                 ; 0000 01CD         calibratingCount = CALIBRATING_COUNT;
                 ; 0000 01CE         calibratedWhiteMin = 255;     // Atur nilainya menjadi nilai maksimal tipedata unsigned byte, karena kita akan mencari nilai minimum
                 ; 0000 01CF         while (calibratingCount--) {
                 ; 0000 01D0             readADC = read_adc(i);
                 ; 0000 01D1             if (readADC < calibratedWhiteMin)
                 ; 0000 01D2                 calibratedWhiteMin = readADC;
                 ; 0000 01D3         }
                 ; 0000 01D4         if (calibratedWhiteMin > 0)
                 ; 0000 01D5             tolerance = calibratedWhiteMin / 2;     // hitung nilai toleransi
                 ; 0000 01D6         else
                 ; 0000 01D7             tolerance = 0;
                 ; 0000 01D8         whiteMin[i] = eeWhiteMin[i] = (calibratedWhiteMin - tolerance);  // simpan nilai kalibarasi di ram sekaligus di eeprom
                 ; 0000 01D9     }
                 ; 0000 01DA }
                 ;
                 ;void applyCalibratedValue()
                 ; 0000 01DD {
                 ; 0000 01DE     unsigned char i = 0;
                 ; 0000 01DF 
                 ; 0000 01E0     for (; i<8; i++)
                 ;	i -> R17
                 ; 0000 01E1         middleVal[i] = eeMiddleVal[i] = ((blackMax[i] - whiteMin[i]) / 2);
                 ; 0000 01E2 }
                 ;////////////////////////////////////////////////////////////////////////////////////////////////////////////////////////////////////////////////////////
                 ;//// END OF REGION CALIBRATING FUNCTIONS ///////////////////////////////////////////////////////////////////////////////////////////////////////////////
                 ;////////////////////////////////////////////////////////////////////////////////////////////////////////////////////////////////////////////////////////
                 ;
                 ;void pid()
                 ; 0000 01E8 {
                 ; 0000 01E9 
                 ; 0000 01EA }
                 	#ifndef __SLEEP_DEFINED__
                 	#endif
                 
                 	.DSEG
                 
                 	.CSEG
                 __lcd_write_nibble_G100:
00015f 93aa      	ST   -Y,R26
000160 b3e8      	IN   R30,0x18
000161 70ef      	ANDI R30,LOW(0xF)
000162 2fae      	MOV  R26,R30
000163 81e8      	LD   R30,Y
000164 7fe0      	ANDI R30,LOW(0xF0)
000165 2bea      	OR   R30,R26
000166 bbe8      	OUT  0x18,R30
                +
000167 e08b     +LDI R24 , LOW ( 11 )
                +__DELAY_USB_LOOP :
000168 958a     +DEC R24
000169 f7f1     +BRNE __DELAY_USB_LOOP
                 	__DELAY_USB 11
00016a 9ac2      	SBI  0x18,2
                +
00016b e18b     +LDI R24 , LOW ( 27 )
                +__DELAY_USB_LOOP :
00016c 958a     +DEC R24
00016d f7f1     +BRNE __DELAY_USB_LOOP
                 	__DELAY_USB 27
00016e 98c2      	CBI  0x18,2
                +
00016f e18b     +LDI R24 , LOW ( 27 )
                +__DELAY_USB_LOOP :
000170 958a     +DEC R24
000171 f7f1     +BRNE __DELAY_USB_LOOP
                 	__DELAY_USB 27
000172 c069      	RJMP _0x2020001
                 __lcd_write_data:
000173 93aa      	ST   -Y,R26
000174 81a8      	LD   R26,Y
000175 dfe9      	RCALL __lcd_write_nibble_G100
000176 81e8          ld    r30,y
000177 95e2          swap  r30
000178 83e8          st    y,r30
000179 81a8      	LD   R26,Y
00017a dfe4      	RCALL __lcd_write_nibble_G100
                +
00017b ec88     +LDI R24 , LOW ( 200 )
00017c e090     +LDI R25 , HIGH ( 200 )
                +__DELAY_USW_LOOP :
00017d 9701     +SBIW R24 , 1
00017e f7f1     +BRNE __DELAY_USW_LOOP
                 	__DELAY_USW 200
00017f c05c      	RJMP _0x2020001
                 _lcd_write_byte:
000180 93aa      	ST   -Y,R26
000181 81a9      	LDD  R26,Y+1
000182 dff0      	RCALL __lcd_write_data
000183 9ac0      	SBI  0x18,0
000184 81a8      	LD   R26,Y
000185 dfed      	RCALL __lcd_write_data
000186 98c0      	CBI  0x18,0
000187 c00b      	RJMP _0x2020002
                 _lcd_gotoxy:
000188 93aa      	ST   -Y,R26
000189 81e8      	LD   R30,Y
00018a e0f0      	LDI  R31,0
00018b 58e8      	SUBI R30,LOW(-__base_y_G100)
00018c 4ffd      	SBCI R31,HIGH(-__base_y_G100)
00018d 81e0      	LD   R30,Z
00018e 81a9      	LDD  R26,Y+1
00018f 0fae      	ADD  R26,R30
000190 dfe2      	RCALL __lcd_write_data
000191 80a9      	LDD  R10,Y+1
000192 80d8      	LDD  R13,Y+0
                 _0x2020002:
000193 9622      	ADIW R28,2
000194 9508      	RET
                 _lcd_clear:
000195 e0a2      	LDI  R26,LOW(2)
000196 d050      	RCALL SUBOPT_0x3
000197 e0ac      	LDI  R26,LOW(12)
000198 dfda      	RCALL __lcd_write_data
000199 e0a1      	LDI  R26,LOW(1)
00019a d04c      	RCALL SUBOPT_0x3
00019b e0e0      	LDI  R30,LOW(0)
00019c 2ede      	MOV  R13,R30
00019d 2eae      	MOV  R10,R30
00019e 9508      	RET
                 _lcd_putchar:
00019f 93aa      	ST   -Y,R26
0001a0 81a8      	LD   R26,Y
0001a1 30aa      	CPI  R26,LOW(0xA)
0001a2 f011      	BREQ _0x2000005
0001a3 14ac      	CP   R10,R12
0001a4 f040      	BRLO _0x2000004
                 _0x2000005:
0001a5 e0e0      	LDI  R30,LOW(0)
0001a6 93ea      	ST   -Y,R30
0001a7 94d3      	INC  R13
0001a8 2dad      	MOV  R26,R13
0001a9 dfde      	RCALL _lcd_gotoxy
0001aa 81a8      	LD   R26,Y
0001ab 30aa      	CPI  R26,LOW(0xA)
0001ac f179      	BREQ _0x2020001
                 _0x2000004:
0001ad 94a3      	INC  R10
0001ae 9ac0      	SBI  0x18,0
0001af 81a8      	LD   R26,Y
0001b0 dfc2      	RCALL __lcd_write_data
0001b1 98c0      	CBI  0x18,0
0001b2 c029      	RJMP _0x2020001
                 _lcd_init:
0001b3 93aa      	ST   -Y,R26
0001b4 b3e7      	IN   R30,0x17
0001b5 6fe0      	ORI  R30,LOW(0xF0)
0001b6 bbe7      	OUT  0x17,R30
0001b7 9aba      	SBI  0x17,2
0001b8 9ab8      	SBI  0x17,0
0001b9 9ab9      	SBI  0x17,1
0001ba 98c2      	CBI  0x18,2
0001bb 98c0      	CBI  0x18,0
0001bc 98c1      	CBI  0x18,1
0001bd 80c8      	LDD  R12,Y+0
0001be 81e8      	LD   R30,Y
0001bf 58e0      	SUBI R30,-LOW(128)
                +
0001c0 93e0 027a+STS __base_y_G100 + ( 2 ) , R30
                 	__PUTB1MN __base_y_G100,2
0001c2 81e8      	LD   R30,Y
0001c3 54e0      	SUBI R30,-LOW(192)
                +
0001c4 93e0 027b+STS __base_y_G100 + ( 3 ) , R30
                 	__PUTB1MN __base_y_G100,3
0001c6 e1a4      	LDI  R26,LOW(20)
0001c7 e0b0      	LDI  R27,0
0001c8 940e 01f3 	CALL _delay_ms
0001ca d021      	RCALL SUBOPT_0x4
0001cb d020      	RCALL SUBOPT_0x4
0001cc d01f      	RCALL SUBOPT_0x4
0001cd e2a0      	LDI  R26,LOW(32)
0001ce df90      	RCALL __lcd_write_nibble_G100
                +
0001cf e980     +LDI R24 , LOW ( 400 )
0001d0 e091     +LDI R25 , HIGH ( 400 )
                +__DELAY_USW_LOOP :
0001d1 9701     +SBIW R24 , 1
0001d2 f7f1     +BRNE __DELAY_USW_LOOP
                 	__DELAY_USW 400
0001d3 e2a8      	LDI  R26,LOW(40)
0001d4 df9e      	RCALL __lcd_write_data
0001d5 e0a4      	LDI  R26,LOW(4)
0001d6 df9c      	RCALL __lcd_write_data
0001d7 e8a5      	LDI  R26,LOW(133)
0001d8 df9a      	RCALL __lcd_write_data
0001d9 e0a6      	LDI  R26,LOW(6)
0001da df98      	RCALL __lcd_write_data
0001db dfb9      	RCALL _lcd_clear
                 _0x2020001:
0001dc 9621      	ADIW R28,1
0001dd 9508      	RET
                 
                 	.ESEG
                 _eeMaxSpeed:
000000 ff        	.DB  0xFF
                 _eeKp:
000001 00        	.DB  0x0
                 _eeKd:
000002 00        	.DB  0x0
                 _eeKi:
000003 00        	.DB  0x0
                 _eeWhiteMin:
000004 00
000005 00
000006 00
000007 00        	.DB  0x0,0x0,0x0,0x0
000008 00
000009 00
00000a 00
00000b 00        	.DB  0x0,0x0,0x0,0x0
                 _eeBlackMax:
00000c 00
00000d 00
00000e 00
00000f 00        	.DB  0x0,0x0,0x0,0x0
000010 00
000011 00
000012 00
000013 00        	.DB  0x0,0x0,0x0,0x0
                 _eeMiddleVal:
000014 00
000015 00
000016 00
000017 00        	.DB  0x0,0x0,0x0,0x0
000018 00
000019 00
00001a 00
00001b 00        	.DB  0x0,0x0,0x0,0x0
                 
                 	.DSEG
                 _whiteMin:
000260           	.BYTE 0x8
                 _blackMax:
000268           	.BYTE 0x8
                 _middleVal:
000270           	.BYTE 0x8
                 __base_y_G100:
000278           	.BYTE 0x4
                 
                 	.CSEG
                 ;OPTIMIZER ADDED SUBROUTINE, CALLED 5 TIMES, CODE SIZE REDUCTION:5 WORDS
                 SUBOPT_0x0:
0001de 93ea      	ST   -Y,R30
0001df e0a0      	LDI  R26,LOW(0)
0001e0 cfa7      	RJMP _lcd_gotoxy
                 
                 ;OPTIMIZER ADDED SUBROUTINE, CALLED 8 TIMES, CODE SIZE REDUCTION:18 WORDS
                 SUBOPT_0x1:
0001e1 deef      	RCALL _read_adc
0001e2 2fae      	MOV  R26,R30
0001e3 cf35      	RJMP _lcdPrintByte
                 
                 ;OPTIMIZER ADDED SUBROUTINE, CALLED 4 TIMES, CODE SIZE REDUCTION:3 WORDS
                 SUBOPT_0x2:
0001e4 93ea      	ST   -Y,R30
0001e5 e0a1      	LDI  R26,LOW(1)
0001e6 cfa1      	RJMP _lcd_gotoxy
                 
                 ;OPTIMIZER ADDED SUBROUTINE, CALLED 2 TIMES, CODE SIZE REDUCTION:3 WORDS
                 SUBOPT_0x3:
0001e7 df8b      	RCALL __lcd_write_data
0001e8 e0a3      	LDI  R26,LOW(3)
0001e9 e0b0      	LDI  R27,0
0001ea 940c 01f3 	JMP  _delay_ms
                 
                 ;OPTIMIZER ADDED SUBROUTINE, CALLED 3 TIMES, CODE SIZE REDUCTION:7 WORDS
                 SUBOPT_0x4:
0001ec e3a0      	LDI  R26,LOW(48)
0001ed df71      	RCALL __lcd_write_nibble_G100
                +
0001ee e980     +LDI R24 , LOW ( 400 )
0001ef e091     +LDI R25 , HIGH ( 400 )
                +__DELAY_USW_LOOP :
0001f0 9701     +SBIW R24 , 1
0001f1 f7f1     +BRNE __DELAY_USW_LOOP
                 	__DELAY_USW 400
0001f2 9508      	RET
                 
                 
                 	.CSEG
                 _delay_ms:
0001f3 9610      	adiw r26,0
0001f4 f039      	breq __delay_ms1
                 __delay_ms0:
                +
0001f5 ea80     +LDI R24 , LOW ( 0xFA0 )
0001f6 e09f     +LDI R25 , HIGH ( 0xFA0 )
                +__DELAY_USW_LOOP :
0001f7 9701     +SBIW R24 , 1
0001f8 f7f1     +BRNE __DELAY_USW_LOOP
                 	__DELAY_USW 0xFA0
0001f9 95a8      	wdr
0001fa 9711      	sbiw r26,1
0001fb f7c9      	brne __delay_ms0
                 __delay_ms1:
0001fc 9508      	ret
                 
                 __ANEGW1:
0001fd 95f1      	NEG  R31
0001fe 95e1      	NEG  R30
0001ff 40f0      	SBCI R31,0
000200 9508      	RET
                 
                 __DIVW21U:
000201 2400      	CLR  R0
000202 2411      	CLR  R1
000203 e190      	LDI  R25,16
                 __DIVW21U1:
000204 0faa      	LSL  R26
000205 1fbb      	ROL  R27
000206 1c00      	ROL  R0
000207 1c11      	ROL  R1
000208 1a0e      	SUB  R0,R30
000209 0a1f      	SBC  R1,R31
00020a f418      	BRCC __DIVW21U2
00020b 0e0e      	ADD  R0,R30
00020c 1e1f      	ADC  R1,R31
00020d c001      	RJMP __DIVW21U3
                 __DIVW21U2:
00020e 60a1      	SBR  R26,1
                 __DIVW21U3:
00020f 959a      	DEC  R25
000210 f799      	BRNE __DIVW21U1
000211 01fd      	MOVW R30,R26
000212 01d0      	MOVW R26,R0
000213 9508      	RET
                 
                 __DIVW21:
000214 d012      	RCALL __CHKSIGNW
000215 dfeb      	RCALL __DIVW21U
000216 f40e      	BRTC __DIVW211
000217 dfe5      	RCALL __ANEGW1
                 __DIVW211:
000218 9508      	RET
                 
                 __MODW21:
000219 94e8      	CLT
00021a ffb7      	SBRS R27,7
00021b c004      	RJMP __MODW211
00021c 95a0      	COM  R26
00021d 95b0      	COM  R27
00021e 9611      	ADIW R26,1
00021f 9468      	SET
                 __MODW211:
000220 fdf7      	SBRC R31,7
000221 dfdb      	RCALL __ANEGW1
000222 dfde      	RCALL __DIVW21U
000223 01fd      	MOVW R30,R26
000224 f40e      	BRTC __MODW212
000225 dfd7      	RCALL __ANEGW1
                 __MODW212:
000226 9508      	RET
                 
                 __CHKSIGNW:
000227 94e8      	CLT
000228 fff7      	SBRS R31,7
000229 c002      	RJMP __CHKSW1
00022a dfd2      	RCALL __ANEGW1
00022b 9468      	SET
                 __CHKSW1:
00022c ffb7      	SBRS R27,7
00022d c006      	RJMP __CHKSW2
00022e 95a0      	COM  R26
00022f 95b0      	COM  R27
000230 9611      	ADIW R26,1
000231 f800      	BLD  R0,0
000232 9403      	INC  R0
000233 fa00      	BST  R0,0
                 __CHKSW2:
000234 9508      	RET
                 
                 __EEPROMRDB:
000235 99e1      	SBIC EECR,EEWE
000236 cffe      	RJMP __EEPROMRDB
000237 93ff      	PUSH R31
000238 b7ff      	IN   R31,SREG
000239 94f8      	CLI
00023a bbae      	OUT  EEARL,R26
00023b bbbf      	OUT  EEARH,R27
00023c 9ae0      	SBI  EECR,EERE
00023d b3ed      	IN   R30,EEDR
00023e bfff      	OUT  SREG,R31
00023f 91ff      	POP  R31
000240 9508      	RET
                 
                 ;END OF CODE MARKER
                 __END_OF_CODE:


RESOURCE USE INFORMATION
------------------------

Notice:
The register and instruction counts are symbol table hit counts,
and hence implicitly used resources are not counted, eg, the
'lpm' instruction without operands implicitly uses r0 and z,
none of which are counted.

x,y,z are separate entities in the symbol table and are
counted separately from r26..r31 here.

.dseg memory usage only counts static data declared with .byte

ATmega32 register use summary:
r0 :  16 r1 :   5 r2 :   0 r3 :   0 r4 :   1 r5 :   1 r6 :   1 r7 :   1 
r8 :   0 r9 :   0 r10:   4 r11:   0 r12:   2 r13:   4 r14:   0 r15:   0 
r16:   5 r17:  18 r18:   0 r19:   0 r20:   0 r21:   0 r22:   2 r23:   0 
r24:  21 r25:   8 r26:  84 r27:  21 r28:   4 r29:   1 r30: 153 r31:  31 
x  :   5 y  :  53 z  :   9 
Registers used: 23 out of 35 (65.7%)

ATmega32 instruction use summary:
.lds  :   0 .lds.l:   0 .sts  :   0 .sts.l:   0 adc   :   1 add   :   2 
adiw  :   7 and   :   0 andi  :   2 asr   :   0 bclr  :   0 bld   :   1 
brbc  :   0 brbs  :   0 brcc  :   1 brcs  :   0 break :   0 breq  :   4 
brge  :   0 brhc  :   0 brhs  :   0 brid  :   0 brie  :   0 brlo  :   1 
brlt  :   0 brmi  :   0 brne  :  13 brpl  :   0 brsh  :   2 brtc  :   2 
brts  :   0 brvc  :   0 brvs  :   0 bset  :   0 bst   :   1 call  :  11 
cbi   :   7 cbr   :   0 clc   :   0 clh   :   0 cli   :   2 cln   :   0 
clr   :   6 cls   :   0 clt   :   2 clv   :   0 clz   :   0 com   :   4 
cp    :   1 cpc   :   0 cpi   :   5 cpse  :   0 dec   :   5 des   :   0 
eor   :   0 fmul  :   0 fmuls :   0 fmulsu:   0 icall :   0 ijmp  :   0 
in    :   5 inc   :   4 jmp   :  23 ld    :  15 ldd   :  14 ldi   : 106 
lds   :   0 lpm   :   9 lsl   :   4 lsr   :   0 mov   :  18 movw  :  11 
mul   :   0 muls  :   0 mulsu :   0 neg   :   2 nop   :   0 or    :   1 
ori   :   3 out   :  49 pop   :   1 push  :   1 rcall :  58 ret   :  14 
reti  :   0 rjmp  :  22 rol   :   3 ror   :   0 sbc   :   1 sbci  :   6 
sbi   :  10 sbic  :   1 sbis  :   1 sbiw  :   9 sbr   :   1 sbrc  :   1 
sbrs  :   3 sec   :   0 seh   :   0 sei   :   0 sen   :   0 ser   :   0 
ses   :   0 set   :   2 sev   :   0 sez   :   0 sleep :   0 spm   :   0 
st    :  28 std   :   2 sts   :   2 sub   :   1 subi  :  12 swap  :   1 
tst   :   0 wdr   :   1 
Instructions used: 58 out of 116 (50.0%)

ATmega32 memory use summary [bytes]:
Segment   Begin    End      Code   Data   Used    Size   Use%
---------------------------------------------------------------
[.cseg] 0x000000 0x000482   1120     34   1154   32768   3.5%
[.dseg] 0x000060 0x00027c      0     28     28    2143   1.3%
[.eseg] 0x000000 0x00001c      0     28     28    1024   2.7%

Assembly complete, 0 errors, 11 warnings
